Mon Apr 10 06:37:53 PM EDT 2023 script /home/quebid/bin/prog: initialized
Mon Apr 10 06:37:53 PM EDT 2023 method: displayMessage invoked
Mon Apr 10 06:37:53 PM EDT 2023 method: label invoked
Mon Apr 10 06:37:53 PM EDT 2023 method: spacer invoked
Mon Apr 10 06:37:53 PM EDT 2023 method: label invoked
Mon Apr 10 06:37:53 PM EDT 2023 method: label invoked
Mon Apr 10 06:37:58 PM EDT 2023 method: displayTitle invoked
Mon Apr 10 06:37:58 PM EDT 2023 method: displayMessage invoked
Mon Apr 10 06:37:58 PM EDT 2023 script Generated password
Mon Apr 10 06:37:58 PM EDT 2023 user entered 1
Mon Apr 10 06:37:58 PM EDT 2023 script /home/quebid/bin/prog: exited
Thu Apr 27 12:05:16 PM EDT 2023 script /home/quebid/bin/prog: initialized
Thu Apr 27 12:05:16 PM EDT 2023 method: displayMessage invoked
Thu Apr 27 12:05:16 PM EDT 2023 method: label invoked
Thu Apr 27 12:05:16 PM EDT 2023 method: spacer invoked
Thu Apr 27 12:05:16 PM EDT 2023 method: label invoked
Thu Apr 27 12:05:16 PM EDT 2023 method: label invoked
Thu Apr 27 12:05:18 PM EDT 2023 method: displayTitle invoked
Thu Apr 27 12:05:18 PM EDT 2023 method: displayMessage invoked
Thu Apr 27 12:05:18 PM EDT 2023 script Generated password
Thu Apr 27 12:05:18 PM EDT 2023 user entered 1
Thu Apr 27 12:05:18 PM EDT 2023 script /home/quebid/bin/prog: exited
